[I 2026-04-22 13:27:16,528] Trial 17 pruned. 
  ** Trial 17 PRUNED at epoch 5 **

============================================================
Trial 18: var_weight=0.4583, cov_weight=0.0089, lr=3.30e-04, wd=0.0961
============================================================
  Trial 18 | Epoch  0 | Train: 0.8842 | Val: 0.7123 | Best: 0.7123
  Trial 18 | Epoch  1 | Train: 0.5616 | Val: 0.4884 | Best: 0.4884
  Trial 18 | Epoch  2 | Train: 0.4508 | Val: 0.4691 | Best: 0.4691
  Trial 18 | Epoch  3 | Train: 0.4282 | Val: 0.4578 | Best: 0.4578
  Trial 18 | Epoch  4 | Train: 0.4152 | Val: 0.4585 | Best: 0.4578
  Trial 18 | Epoch  5 | Train: 0.4114 | Val: 0.4700 | Best: 0.4578
[I 2026-04-22 13:57:39,404] Trial 18 pruned. 
  ** Trial 18 PRUNED at epoch 5 **

============================================================
Trial 19: var_weight=0.3130, cov_weight=0.0099, lr=2.73e-04, wd=0.0355
============================================================
  Trial 19 | Epoch  0 | Train: 0.8026 | Val: 0.6221 | Best: 0.6221
  Trial 19 | Epoch  1 | Train: 0.4745 | Val: 0.3778 | Best: 0.3778
  Trial 19 | Epoch  2 | Train: 0.3392 | Val: 0.3327 | Best: 0.3327
  Trial 19 | Epoch  3 | Train: 0.3157 | Val: 0.3250 | Best: 0.3250
  Trial 19 | Epoch  4 | Train: 0.3043 | Val: 0.3222 | Best: 0.3222
  Trial 19 | Epoch  5 | Train: 0.2983 | Val: 0.3282 | Best: 0.3222
  Trial 19 | Epoch  6 | Train: 0.2991 | Val: 0.3378 | Best: 0.3222
  Trial 19 | Epoch  7 | Train: 0.3068 | Val: 0.3405 | Best: 0.3222
  Trial 19 | Epoch  8 | Train: 0.3192 | Val: 0.3584 | Best: 0.3222
  Trial 19 | Epoch  9 | Train: 0.3300 | Val: 0.3661 | Best: 0.3222
  Trial 19 | Epoch 10 | Train: 0.3437 | Val: 0.3759 | Best: 0.3222
  Trial 19 | Epoch 11 | Train: 0.3517 | Val: 0.3907 | Best: 0.3222
  Trial 19 | Epoch 12 | Train: 0.3605 | Val: 0.3921 | Best: 0.3222
  Trial 19 | Epoch 13 | Train: 0.3689 | Val: 0.3982 | Best: 0.3222
  Trial 19 | Epoch 14 | Train: 0.3737 | Val: 0.4051 | Best: 0.3222
[I 2026-04-22 15:13:49,027] Trial 19 finished with value: 0.32224467317263283 and parameters: {'var_weight': 0.3129634143283826, 'cov_weight': 0.009916908951796767, 'lr': 0.000272570045889488, 'weight_decay': 0.03546057850479005}. Best is trial 15 with value: 0.2752295356988907.
  Trial 19 COMPLETE — best val_loss: 0.3222

============================================================
Trial 20: var_weight=1.5331, cov_weight=0.0033, lr=4.06e-04, wd=0.0758
============================================================
  Trial 20 | Epoch  0 | Train: 1.5577 | Val: 1.4640 | Best: 1.4640
  Trial 20 | Epoch  1 | Train: 1.2730 | Val: 1.3281 | Best: 1.3281
  Trial 20 | Epoch  2 | Train: 1.1894 | Val: 1.3430 | Best: 1.3281
  Trial 20 | Epoch  3 | Train: 1.1381 | Val: 1.3363 | Best: 1.3281
  Trial 20 | Epoch  4 | Train: 1.1012 | Val: 1.3494 | Best: 1.3281
  Trial 20 | Epoch  5 | Train: 1.0636 | Val: 1.3295 | Best: 1.3281
[I 2026-04-22 15:45:07,701] Trial 20 pruned. 
  ** Trial 20 PRUNED at epoch 5 **

============================================================
HPO SWEEP COMPLETE
============================================================

Best trial: #15
  val_loss: 0.2752
  Params:
    var_weight: 0.256809
    cov_weight: 0.009520
    lr: 0.000340
    weight_decay: 0.086518

Top 5 trials:
 Trial |   val_loss |   var_wt |   cov_wt |         lr |       wd |     Status
--------------------------------------------------------------------------------
    15 |     0.2752 |   0.2568 |  0.00952 |   3.40e-04 |   0.0865 |   COMPLETE
    12 |     0.2761 |   0.2592 |  0.00481 |   4.85e-04 |   0.0577 |   COMPLETE
    11 |     0.2782 |   0.2631 |  0.00637 |   4.66e-04 |   0.0512 |   COMPLETE
    13 |     0.2860 |   0.2723 |  0.00442 |   4.95e-04 |   0.0478 |   COMPLETE
     9 |     0.3104 |   0.2939 |  0.04094 |   4.62e-04 |   0.0643 |   COMPLETE

Best config saved to: configs/jepa_v3_tuned.yaml
Run full training with: sbatch --job-name=jepa-v3t scripts/train.sh configs/jepa_v3_tuned.yaml
=== HPO Sweep finished at $(date) ===
